[main] 20170525 11:23:42 DEBUG ExpLKCD              L:362  - date=20170303
[main] 20170525 11:23:49 WARN  DBService            L:794  - DBCP borrow connection time: 6041 ms. batch
[main] 20170525 11:23:49 WARN  DBService            L:902  - SQL stmt query time: 49 ms[select MEM_ID, BANK_ID, MEM_GROUP_ID from TB_MEMBER WHERE SUBSTR(MEM_TYPE,3,1)='1']
[main] 20170525 11:23:49 WARN  ExpLKCD              L:163  - seqnoSql: SELECT LPAD(NVL(TO_CHAR(TO_NUMBER(MAX(SEQNO)) + 1), '01'), 2, '0') FROM TB_OUTCTL WHERE MEM_ID = '00001170' AND FILE_NAME = 'LKCD' AND FILE_DATE = '20170303'
[main] 20170525 11:23:49 WARN  ExpLKCD              L:163  - seqnoSql: SELECT LPAD(NVL(TO_CHAR(TO_NUMBER(MAX(SEQNO)) + 1), '01'), 2, '0') FROM TB_OUTCTL WHERE MEM_ID = '00001172' AND FILE_NAME = 'LKCD' AND FILE_DATE = '20170303'
[main] 20170525 11:23:49 WARN  ExpLKCD              L:163  - seqnoSql: SELECT LPAD(NVL(TO_CHAR(TO_NUMBER(MAX(SEQNO)) + 1), '01'), 2, '0') FROM TB_OUTCTL WHERE MEM_ID = '00041260' AND FILE_NAME = 'LKCD' AND FILE_DATE = '20170303'
[main] 20170525 11:23:49 WARN  ExpLKCD              L:163  - seqnoSql: SELECT LPAD(NVL(TO_CHAR(TO_NUMBER(MAX(SEQNO)) + 1), '01'), 2, '0') FROM TB_OUTCTL WHERE MEM_ID = '00001168' AND FILE_NAME = 'LKCD' AND FILE_DATE = '20170303'
[main] 20170525 11:23:49 WARN  ExpLKCD              L:163  - seqnoSql: SELECT LPAD(NVL(TO_CHAR(TO_NUMBER(MAX(SEQNO)) + 1), '01'), 2, '0') FROM TB_OUTCTL WHERE MEM_ID = '00103218' AND FILE_NAME = 'LKCD' AND FILE_DATE = '20170303'
[main] 20170525 11:23:49 WARN  ExpLKCD              L:163  - seqnoSql: SELECT LPAD(NVL(TO_CHAR(TO_NUMBER(MAX(SEQNO)) + 1), '01'), 2, '0') FROM TB_OUTCTL WHERE MEM_ID = '00104219' AND FILE_NAME = 'LKCD' AND FILE_DATE = '20170303'
[main] 20170525 11:23:49 WARN  ExpLKCD              L:163  - seqnoSql: SELECT LPAD(NVL(TO_CHAR(TO_NUMBER(MAX(SEQNO)) + 1), '01'), 2, '0') FROM TB_OUTCTL WHERE MEM_ID = '00100805' AND FILE_NAME = 'LKCD' AND FILE_DATE = '20170303'
[main] 20170525 11:23:49 WARN  ExpLKCD              L:163  - seqnoSql: SELECT LPAD(NVL(TO_CHAR(TO_NUMBER(MAX(SEQNO)) + 1), '01'), 2, '0') FROM TB_OUTCTL WHERE MEM_ID = '00078067' AND FILE_NAME = 'LKCD' AND FILE_DATE = '20170303'
[main] 20170525 11:23:49 INFO  ExpLKCD              L:143  - memId2MemGroupId: {00001170=00001, 00001172=00001, 00100805=00001, 00024253=00024, 00104219=00104, 00001001=00001, 00026171=00026, 00043254=00043, 00125060=00125, 00026252=00026, 00103218=00103, 00078067=00078, 00078027=70000, 00041260=00041, 00169243=00169, 00001168=00001}
[main] 20170525 11:23:49 INFO  ExpLKCD              L:146  - bankIds:[700, 016, 013, 052, 808, 008, 805, 806]
[main] 20170525 11:23:49 INFO  ExpLKCD              L:147  - bankId2Seqno:{806=01, 805=01, 008=01, 700=01, 013=01, 808=01, 052=01, 016=01}
[main] 20170525 11:23:49 INFO  ExpLKCD              L:148  - bankId2MemId:{806=00078067, 805=00100805, 008=00104219, 700=00001170, 013=00041260, 808=00103218, 052=00001168, 016=00001172}
[main] 20170525 11:23:49 INFO  ExpLKCD              L:149  - memId2MemGroupId: {00001170=00001, 00001172=00001, 00100805=00001, 00024253=00024, 00104219=00104, 00001001=00001, 00026171=00026, 00043254=00043, 00125060=00125, 00026252=00026, 00103218=00103, 00078067=00078, 00078027=70000, 00041260=00041, 00169243=00169, 00001168=00001}
[main] 20170525 11:23:49 INFO  AbstractBatchBasic   L:109  - begin running
[main] 20170525 11:23:49 DEBUG TbBatchResultMgr     L:60   - sql: INSERT INTO TB_BATCH_RESULT(PROGRAM_NAME, START_DATE, START_TIME, END_DATE, END_TIME, WORK_FLAG, RCODE, ERROR_DESC, PAR_MON, PAR_DAY, LINK_CONTROL, JOB_ID, JOB_TIME, MEM_ID, RECOVER_VALUE) VALUES ('ExpLKCD', '20170525', '112349', '', '', '0', '0000', '', '05', '25', 'N', '001', '0200', '00078067', '')
[main] 20170525 11:23:49 DEBUG TbBatchResultMgr     L:64   - TB_BATCH_RESULT: 1 record inserted
[main] 20170525 11:23:49 DEBUG TbBatchResultMgr     L:65   - [TbBatchResultInfo  sProgramName:ExpLKCD sStartDate:20170525 sStartTime:112349 sEndDate: sEndTime: sWorkFlag:0 sRcode:0000 sErrorDesc: sParMon:05 sParDay:25 sLinkControl:N sJobId:001 sJobTime:0200 sMemId:00078067 sRecoverValue:]
[main] 20170525 11:23:49 DEBUG ExpLKCD              L:334  - sqlCmd: SELECT BANK_ID FROM TB_MEMBER WHERE BANK_ID IS NOT NULL  AND JOB_ID='001' AND JOB_TIME='0200' AND MEM_ID='00078067'
[main] 20170525 11:23:49 DEBUG ExpLKCD              L:334  - sqlCmd: SELECT BANK_ID FROM TB_MEMBER WHERE BANK_ID IS NOT NULL  AND JOB_ID='001' AND JOB_TIME='0200' AND MEM_ID='00078067'
[main] 20170525 11:23:49 DEBUG TbFileInfoMgr        L:253  - sql: SELECT ROWID, FILE_NAME, IN_OUT, FILE_TYPE, DATA_LEN, FILE_NAME_PATTERN, LOCAL_PATH, UPT_USERID, UPT_DATE, UPT_TIME, APRV_USERID, APRV_DATE, APRV_TIME, OK_FLAG, SUB_FILE_NAME, RETURN_FILE_NAME, CIPHER_FLAG, KEY_WORD FROM TB_FILE_INFO WHERE FILE_NAME = 'LKCD' AND IN_OUT = 'O'
[main] 20170525 11:23:50 DEBUG TbFileInfoMgr        L:266  - TB_FILE_INFO: 1 records exist
[main] 20170525 11:23:50 DEBUG TbFileInfoMgr        L:267  - [TbFileInfoPK  sFileName:LKCD sInOut:O]
[main] 20170525 11:23:50 DEBUG TbOutctlMgr          L:272  - sql: SELECT ROWID, MEM_ID, FILE_NAME, FILE_DATE, SEQNO, FILE_TYPE, WORK_FLAG, TOT_REC, FILE_SIZE, FULL_FILE_NAME, PROGRAM_NAME, START_DATE, START_TIME, PAR_MON, PAR_DAY, SYS_DATE, SYS_TIME, MEM_GROUP_ID, MERCH_ID FROM TB_OUTCTL WHERE MEM_ID = '00078067' AND FILE_NAME = 'LKCD' AND FILE_DATE = '20170303' AND SEQNO = '01'
[main] 20170525 11:23:50 DEBUG TbOutctlMgr          L:285  - TB_OUTCTL: 0 records exist
[main] 20170525 11:23:50 DEBUG TbOutctlMgr          L:286  - [TbOutctlPK  sMemId:00078067 sFileName:LKCD sFileDate:20170303 sSeqno:01]
[main] 20170525 11:23:50 DEBUG TbOutctlMgr          L:60   - sql: INSERT INTO TB_OUTCTL(MEM_ID, FILE_NAME, FILE_DATE, SEQNO, FILE_TYPE, WORK_FLAG, TOT_REC, FILE_SIZE, FULL_FILE_NAME, PROGRAM_NAME, START_DATE, START_TIME, PAR_MON, PAR_DAY, SYS_DATE, SYS_TIME, MEM_GROUP_ID, MERCH_ID) VALUES ('00078067', 'LKCD', '20170303', '01', 'B', '1', 0, 70, 'LKCD.00078067.2017030301', 'ExpLKCD', '20170525', '112349', '03', '03', '20170525', '112350', '00078', '')
[main] 20170525 11:23:50 DEBUG TbOutctlMgr          L:64   - TB_OUTCTL: 1 record inserted
[main] 20170525 11:23:50 DEBUG TbOutctlMgr          L:65   - [TbOutctlInfo  sMemId:00078067 sFileName:LKCD sFileDate:20170303 sSeqno:01 sFileType:B sWorkFlag:1 sTotRec:0 sFileSize:70 sFullFileName:LKCD.00078067.2017030301 sProgramName:ExpLKCD sStartDate:20170525 sStartTime:112349 sParMon:03 sParDay:03 sSysDate:20170525 sSysTime:112350 sMemGroupId:00078 sMerchId:]
[main] 20170525 11:23:50 DEBUG TbBatchResultMgr     L:147  - sql: UPDATE TB_BATCH_RESULT SET END_DATE = '20170525', END_TIME = '112350', WORK_FLAG = '1', RCODE = '0000', ERROR_DESC = 'success Exp Files:1', PAR_MON = '05', PAR_DAY = '25', LINK_CONTROL = 'O', MEM_ID = '00078067', RECOVER_VALUE = '' WHERE PROGRAM_NAME = 'ExpLKCD' AND START_DATE = '20170525' AND START_TIME = '112349' AND JOB_ID = '001' AND JOB_TIME = '0200'
[main] 20170525 11:23:50 DEBUG TbBatchResultMgr     L:151  - TB_BATCH_RESULT: 1 record updated
[main] 20170525 11:23:50 DEBUG TbBatchResultMgr     L:152  - [TbBatchResultInfo  sProgramName:ExpLKCD sStartDate:20170525 sStartTime:112349 sEndDate:20170525 sEndTime:112350 sWorkFlag:1 sRcode:0000 sErrorDesc:success Exp Files:1 sParMon:05 sParDay:25 sLinkControl:O sJobId:001 sJobTime:0200 sMemId:00078067 sRecoverValue:]
[main] 20170525 11:23:50 INFO  AbstractBatchBasic   L:150  - end running

[main] 20170525 11:26:10 DEBUG ExpLKCD              L:362  - date=20170303
[main] 20170525 11:26:17 WARN  DBService            L:794  - DBCP borrow connection time: 6048 ms. batch
[main] 20170525 11:26:17 WARN  DBService            L:902  - SQL stmt query time: 56 ms[select MEM_ID, BANK_ID, MEM_GROUP_ID from TB_MEMBER WHERE SUBSTR(MEM_TYPE,3,1)='1']
[main] 20170525 11:26:17 WARN  ExpLKCD              L:163  - seqnoSql: SELECT LPAD(NVL(TO_CHAR(TO_NUMBER(MAX(SEQNO)) + 1), '01'), 2, '0') FROM TB_OUTCTL WHERE MEM_ID = '00001170' AND FILE_NAME = 'LKCD' AND FILE_DATE = '20170303'
[main] 20170525 11:26:17 WARN  ExpLKCD              L:163  - seqnoSql: SELECT LPAD(NVL(TO_CHAR(TO_NUMBER(MAX(SEQNO)) + 1), '01'), 2, '0') FROM TB_OUTCTL WHERE MEM_ID = '00001172' AND FILE_NAME = 'LKCD' AND FILE_DATE = '20170303'
[main] 20170525 11:26:17 WARN  ExpLKCD              L:163  - seqnoSql: SELECT LPAD(NVL(TO_CHAR(TO_NUMBER(MAX(SEQNO)) + 1), '01'), 2, '0') FROM TB_OUTCTL WHERE MEM_ID = '00041260' AND FILE_NAME = 'LKCD' AND FILE_DATE = '20170303'
[main] 20170525 11:26:17 WARN  ExpLKCD              L:163  - seqnoSql: SELECT LPAD(NVL(TO_CHAR(TO_NUMBER(MAX(SEQNO)) + 1), '01'), 2, '0') FROM TB_OUTCTL WHERE MEM_ID = '00001168' AND FILE_NAME = 'LKCD' AND FILE_DATE = '20170303'
[main] 20170525 11:26:17 WARN  ExpLKCD              L:163  - seqnoSql: SELECT LPAD(NVL(TO_CHAR(TO_NUMBER(MAX(SEQNO)) + 1), '01'), 2, '0') FROM TB_OUTCTL WHERE MEM_ID = '00103218' AND FILE_NAME = 'LKCD' AND FILE_DATE = '20170303'
[main] 20170525 11:26:17 WARN  ExpLKCD              L:163  - seqnoSql: SELECT LPAD(NVL(TO_CHAR(TO_NUMBER(MAX(SEQNO)) + 1), '01'), 2, '0') FROM TB_OUTCTL WHERE MEM_ID = '00104219' AND FILE_NAME = 'LKCD' AND FILE_DATE = '20170303'
[main] 20170525 11:26:17 WARN  ExpLKCD              L:163  - seqnoSql: SELECT LPAD(NVL(TO_CHAR(TO_NUMBER(MAX(SEQNO)) + 1), '01'), 2, '0') FROM TB_OUTCTL WHERE MEM_ID = '00100805' AND FILE_NAME = 'LKCD' AND FILE_DATE = '20170303'
[main] 20170525 11:26:17 WARN  ExpLKCD              L:163  - seqnoSql: SELECT LPAD(NVL(TO_CHAR(TO_NUMBER(MAX(SEQNO)) + 1), '01'), 2, '0') FROM TB_OUTCTL WHERE MEM_ID = '00078067' AND FILE_NAME = 'LKCD' AND FILE_DATE = '20170303'
[main] 20170525 11:26:17 INFO  ExpLKCD              L:143  - memId2MemGroupId: {00001170=00001, 00001172=00001, 00100805=00001, 00024253=00024, 00104219=00104, 00001001=00001, 00026171=00026, 00043254=00043, 00125060=00125, 00026252=00026, 00103218=00103, 00078067=00078, 00078027=70000, 00041260=00041, 00169243=00169, 00001168=00001}
[main] 20170525 11:26:17 INFO  ExpLKCD              L:146  - bankIds:[700, 016, 013, 052, 808, 008, 805, 806]
[main] 20170525 11:26:17 INFO  ExpLKCD              L:147  - bankId2Seqno:{806=02, 805=01, 008=01, 700=01, 013=01, 808=01, 052=01, 016=01}
[main] 20170525 11:26:17 INFO  ExpLKCD              L:148  - bankId2MemId:{806=00078067, 805=00100805, 008=00104219, 700=00001170, 013=00041260, 808=00103218, 052=00001168, 016=00001172}
[main] 20170525 11:26:17 INFO  ExpLKCD              L:149  - memId2MemGroupId: {00001170=00001, 00001172=00001, 00100805=00001, 00024253=00024, 00104219=00104, 00001001=00001, 00026171=00026, 00043254=00043, 00125060=00125, 00026252=00026, 00103218=00103, 00078067=00078, 00078027=70000, 00041260=00041, 00169243=00169, 00001168=00001}
[main] 20170525 11:26:17 INFO  AbstractBatchBasic   L:109  - begin running
[main] 20170525 11:26:17 DEBUG TbBatchResultMgr     L:60   - sql: INSERT INTO TB_BATCH_RESULT(PROGRAM_NAME, START_DATE, START_TIME, END_DATE, END_TIME, WORK_FLAG, RCODE, ERROR_DESC, PAR_MON, PAR_DAY, LINK_CONTROL, JOB_ID, JOB_TIME, MEM_ID, RECOVER_VALUE) VALUES ('ExpLKCD', '20170525', '112617', '', '', '0', '0000', '', '05', '25', 'N', '001', '0200', '00078067', '')
[main] 20170525 11:26:17 DEBUG TbBatchResultMgr     L:64   - TB_BATCH_RESULT: 1 record inserted
[main] 20170525 11:26:17 DEBUG TbBatchResultMgr     L:65   - [TbBatchResultInfo  sProgramName:ExpLKCD sStartDate:20170525 sStartTime:112617 sEndDate: sEndTime: sWorkFlag:0 sRcode:0000 sErrorDesc: sParMon:05 sParDay:25 sLinkControl:N sJobId:001 sJobTime:0200 sMemId:00078067 sRecoverValue:]
[main] 20170525 11:26:17 DEBUG ExpLKCD              L:334  - sqlCmd: SELECT BANK_ID FROM TB_MEMBER WHERE BANK_ID IS NOT NULL  AND JOB_ID='001' AND JOB_TIME='0200' AND MEM_ID='00078067'
[main] 20170525 11:26:17 INFO  ExpLKCD              L:229  - SELECT TB_TRANS.CARD_NO, TB_TRANS.EXPIRY_DATE, TXN_DATE, TXN_TIME,P_CODE FROM TB_TRANS, TB_CARD WHERE CUT_DATE = '20170303'  AND P_CODE in ('7517') AND TB_TRANS.STATUS = '1' AND TB_TRANS.CARD_NO = TB_CARD.CARD_NO AND TB_CARD.BANK_ID ='806'
[main] 20170525 11:26:17 DEBUG ExpLKCD              L:334  - sqlCmd: SELECT BANK_ID FROM TB_MEMBER WHERE BANK_ID IS NOT NULL  AND JOB_ID='001' AND JOB_TIME='0200' AND MEM_ID='00078067'
[main] 20170525 11:26:17 INFO  ExpLKCD              L:229  - SELECT TB_TRANS.CARD_NO, TB_TRANS.EXPIRY_DATE, TXN_DATE, TXN_TIME,P_CODE FROM TB_TRANS, TB_CARD WHERE CUT_DATE = '20170303'  AND P_CODE in ('7517') AND TB_TRANS.STATUS = '1' AND TB_TRANS.CARD_NO = TB_CARD.CARD_NO AND TB_CARD.BANK_ID ='806'
[main] 20170525 11:26:17 DEBUG TbFileInfoMgr        L:253  - sql: SELECT ROWID, FILE_NAME, IN_OUT, FILE_TYPE, DATA_LEN, FILE_NAME_PATTERN, LOCAL_PATH, UPT_USERID, UPT_DATE, UPT_TIME, APRV_USERID, APRV_DATE, APRV_TIME, OK_FLAG, SUB_FILE_NAME, RETURN_FILE_NAME, CIPHER_FLAG, KEY_WORD FROM TB_FILE_INFO WHERE FILE_NAME = 'LKCD' AND IN_OUT = 'O'
[main] 20170525 11:26:17 DEBUG TbFileInfoMgr        L:266  - TB_FILE_INFO: 1 records exist
[main] 20170525 11:26:17 DEBUG TbFileInfoMgr        L:267  - [TbFileInfoPK  sFileName:LKCD sInOut:O]
[main] 20170525 11:26:17 DEBUG TbOutctlMgr          L:272  - sql: SELECT ROWID, MEM_ID, FILE_NAME, FILE_DATE, SEQNO, FILE_TYPE, WORK_FLAG, TOT_REC, FILE_SIZE, FULL_FILE_NAME, PROGRAM_NAME, START_DATE, START_TIME, PAR_MON, PAR_DAY, SYS_DATE, SYS_TIME, MEM_GROUP_ID, MERCH_ID FROM TB_OUTCTL WHERE MEM_ID = '00078067' AND FILE_NAME = 'LKCD' AND FILE_DATE = '20170303' AND SEQNO = '02'
[main] 20170525 11:26:17 DEBUG TbOutctlMgr          L:285  - TB_OUTCTL: 0 records exist
[main] 20170525 11:26:17 DEBUG TbOutctlMgr          L:286  - [TbOutctlPK  sMemId:00078067 sFileName:LKCD sFileDate:20170303 sSeqno:02]
[main] 20170525 11:26:18 DEBUG TbOutctlMgr          L:60   - sql: INSERT INTO TB_OUTCTL(MEM_ID, FILE_NAME, FILE_DATE, SEQNO, FILE_TYPE, WORK_FLAG, TOT_REC, FILE_SIZE, FULL_FILE_NAME, PROGRAM_NAME, START_DATE, START_TIME, PAR_MON, PAR_DAY, SYS_DATE, SYS_TIME, MEM_GROUP_ID, MERCH_ID) VALUES ('00078067', 'LKCD', '20170303', '02', 'B', '1', 0, 70, 'LKCD.00078067.2017030302', 'ExpLKCD', '20170525', '112617', '03', '03', '20170525', '112618', '00078', '')
[main] 20170525 11:26:18 DEBUG TbOutctlMgr          L:64   - TB_OUTCTL: 1 record inserted
[main] 20170525 11:26:18 DEBUG TbOutctlMgr          L:65   - [TbOutctlInfo  sMemId:00078067 sFileName:LKCD sFileDate:20170303 sSeqno:02 sFileType:B sWorkFlag:1 sTotRec:0 sFileSize:70 sFullFileName:LKCD.00078067.2017030302 sProgramName:ExpLKCD sStartDate:20170525 sStartTime:112617 sParMon:03 sParDay:03 sSysDate:20170525 sSysTime:112618 sMemGroupId:00078 sMerchId:]
[main] 20170525 11:26:18 DEBUG TbBatchResultMgr     L:147  - sql: UPDATE TB_BATCH_RESULT SET END_DATE = '20170525', END_TIME = '112618', WORK_FLAG = '1', RCODE = '0000', ERROR_DESC = 'success Exp Files:1', PAR_MON = '05', PAR_DAY = '25', LINK_CONTROL = 'O', MEM_ID = '00078067', RECOVER_VALUE = '' WHERE PROGRAM_NAME = 'ExpLKCD' AND START_DATE = '20170525' AND START_TIME = '112617' AND JOB_ID = '001' AND JOB_TIME = '0200'
[main] 20170525 11:26:18 DEBUG TbBatchResultMgr     L:151  - TB_BATCH_RESULT: 1 record updated
[main] 20170525 11:26:18 DEBUG TbBatchResultMgr     L:152  - [TbBatchResultInfo  sProgramName:ExpLKCD sStartDate:20170525 sStartTime:112617 sEndDate:20170525 sEndTime:112618 sWorkFlag:1 sRcode:0000 sErrorDesc:success Exp Files:1 sParMon:05 sParDay:25 sLinkControl:O sJobId:001 sJobTime:0200 sMemId:00078067 sRecoverValue:]
[main] 20170525 11:26:18 INFO  AbstractBatchBasic   L:150  - end running

