[main] 20170525 10:50:34 WARN  DBService            L:794  - DBCP borrow connection time: 5910 ms. batch
[main] 20170525 10:50:34 DEBUG ExpImportReturn      L:131  - sb: SELECT MEM_ID, MEM_GROUP_ID FROM TB_MEMBER 
[main] 20170525 10:50:34 INFO  ExpImportReturn      L:146  - memId2MemGroupId: {00024008=00024, 00024009=00024, 00024006=00024, 00024007=00024, 00024005=00024, 00024003=00024, 00339255=00339, 21257038=21257, 00339256=00339, 00136058=00136, 00153113=00214, 00209054=00209, 00190046=00190, 00072021=80000, 00021301=00044, 00024012=00024, 00024011=00024, 00024010=00024, 00061001=00061, 00029004=00029, 80000032=80000, 60000001=28472, 00100097=00117, 03000001=03521, 00048063=00048, 00048062=00048, 00024013=00024, 20000001=03521, 00044058=00044, 00024014=00024, 00318242=00318, 00044022=00044, 00045059=50000, 00074023=23060, 00043245=00043, 00048061=00048, 00012209=00012, 00012208=00012, 00001104=00001, 00000805=50000, 81000002=23060, 00079028=00079, 00001244=00001, 81000003=21257, 00214109=00214, 00164073=00164, 00100805=00001, 92000001=00044, 00164112=00164, 00028027=00028, 00043254=00043, 21250001=21257, 00216057=00216, 00043057=00043, 00120001=00120, 70000051=70000, 00028017=00028, 00124037=00124, 00215056=00215, 00176045=00176, 00001211=00001, 00125031=00125, 00121093=00121, 00001210=00001, 00027029=00027, 28472923=28472, 00024032=00024, 00214110=00214, 00075024=03521, 50000001=50000, 21257027=21257, 00192050=00192, 91000001=00044, 00034567=00044, 00076025=28472, 00078067=00078, 00078027=70000, 00026015=00026, 00213108=00213, 70000049=70000, 00218058=00218, 00027018=00027, 00043277=00043, 00118001=00118, 23060001=23060, 28000001=50000, 00192048=00192, 00026036=00026, 21257086=21257, 00026035=00026, 30000001=21257, 00026034=00026, 00026033=00026, 00026171=00026, 00001001=00001, 00026030=00026, 00191047=00191, 00125060=00125, 00103218=00103, 23060089=23060, 00340257=00340, 00340258=00340, 00077002=00077, 00033216=00033, 90000001=03521, 00163042=00163, 00026045=00026, 80000001=80000, 00026044=00026, 00026047=00026, 00026046=00026, 00033217=00033, 00026041=00026, 00162041=00162, 00026040=00026, 00026043=00026, 00026042=00026, 00026037=00026, 00026038=00026, 00046060=00046, 00026039=00026, 00171044=00171, 00067020=67000, 23060094=23060, 00161040=00161, 00085070=00085, 00029053=00029, 00169243=00169, 00025031=00025, 00026050=00026, 82000002=23060, 00104219=00104, 00026051=00026, 00012002=00012, 00026055=00026, 00031020=00031, 00026252=00026, 00031021=00031, 00031022=00031, 00026048=00026, 00026049=00026, 00031023=00031, 00031024=00031, 00073022=21257, 00031025=00031, 00031026=00031, 00033052=00033, 00031028=00031, 00043017=00043, 00041260=00041, 00077026=23060, 00169098=00169, 00226113=00226, 00001170=00001, 00077081=00077, 00001172=00001, 00028054=00028, 00160039=00160, 00024253=00024, 00041056=00041, 00080029=80000, 70000001=70000, 00119001=00119, 00031019=00031, 00151111=00151, 88000001=50000, 00043021=00043, 00001168=00001, 00025016=00025, 00001169=00001}
[main] 20170525 10:50:34 INFO  AbstractBatchBasic   L:109  - begin running
[main] 20170525 10:50:34 DEBUG TbBatchResultMgr     L:60   - sql: INSERT INTO TB_BATCH_RESULT(PROGRAM_NAME, START_DATE, START_TIME, END_DATE, END_TIME, WORK_FLAG, RCODE, ERROR_DESC, PAR_MON, PAR_DAY, LINK_CONTROL, JOB_ID, JOB_TIME, MEM_ID, RECOVER_VALUE) VALUES ('ExpImportReturn', '20170525', '105034', '', '', '0', '0000', '', '05', '25', 'N', '000', '000000', '', '')
[main] 20170525 10:50:34 DEBUG TbBatchResultMgr     L:64   - TB_BATCH_RESULT: 1 record inserted
[main] 20170525 10:50:34 DEBUG TbBatchResultMgr     L:65   - [TbBatchResultInfo  sProgramName:ExpImportReturn sStartDate:20170525 sStartTime:105034 sEndDate: sEndTime: sWorkFlag:0 sRcode:0000 sErrorDesc: sParMon:05 sParDay:25 sLinkControl:N sJobId:000 sJobTime:000000 sMemId: sRecoverValue:]
[main] 20170525 10:50:34 DEBUG ExpImportReturn      L:334  - sqlCmd: SELECT MEM_ID FROM TB_MEMBER WHERE MEM_ID IN (  SELECT MEM_ID FROM TB_INCTL,TB_IMPORT_DATA_LOG WHERE TB_INCTL.FULL_FILE_NAME = TB_IMPORT_DATA_LOG.FULL_FILE_NAME)
[main] 20170525 10:50:34 INFO  ExpImportReturn      L:341  - catch: memIdList is null!
[main] 20170525 10:50:34 DEBUG ExpImportReturn      L:200  - Sql: select ti.*,RETURN_FILE_NAME FROM TB_INCTL ti,(select fi.FILE_NAME, fi.LOCAL_PATH, fi.RETURN_FILE_NAME, rf.MEM_ID from TB_RESP_FILE_CONFIG rf, TB_FILE_INFO fi where rf.FILE_NAME=fi.FILE_NAME and RESP_FLAG='1') tfi where ti.FILE_NAME=tfi.FILE_NAME and START_DATE='20151204'
[main] 20170525 10:50:34 INFO  AbstractExpFile      L:593  - expFileSetting.getExpFileInfos().size():0
[main] 20170525 10:50:34 INFO  AbstractExpFile      L:594  - not to execute export action!
[main] 20170525 10:50:34 DEBUG TbBatchResultMgr     L:147  - sql: UPDATE TB_BATCH_RESULT SET END_DATE = '20170525', END_TIME = '105034', WORK_FLAG = '1', RCODE = '0000', ERROR_DESC = '', PAR_MON = '05', PAR_DAY = '25', LINK_CONTROL = 'O', MEM_ID = '', RECOVER_VALUE = '' WHERE PROGRAM_NAME = 'ExpImportReturn' AND START_DATE = '20170525' AND START_TIME = '105034' AND JOB_ID = '000' AND JOB_TIME = '000000'
[main] 20170525 10:50:34 DEBUG TbBatchResultMgr     L:151  - TB_BATCH_RESULT: 1 record updated
[main] 20170525 10:50:34 DEBUG TbBatchResultMgr     L:152  - [TbBatchResultInfo  sProgramName:ExpImportReturn sStartDate:20170525 sStartTime:105034 sEndDate:20170525 sEndTime:105034 sWorkFlag:1 sRcode:0000 sErrorDesc: sParMon:05 sParDay:25 sLinkControl:O sJobId:000 sJobTime:000000 sMemId: sRecoverValue:]
[main] 20170525 10:50:34 INFO  AbstractBatchBasic   L:150  - end running

[main] 20170525 10:52:42 WARN  DBService            L:794  - DBCP borrow connection time: 5892 ms. batch
[main] 20170525 10:52:42 DEBUG ExpImportReturn      L:131  - sb: SELECT MEM_ID, MEM_GROUP_ID FROM TB_MEMBER 
[main] 20170525 10:52:42 INFO  ExpImportReturn      L:146  - memId2MemGroupId: {00024008=00024, 00024009=00024, 00024006=00024, 00024007=00024, 00024005=00024, 00024003=00024, 00339255=00339, 21257038=21257, 00339256=00339, 00136058=00136, 00153113=00214, 00209054=00209, 00190046=00190, 00072021=80000, 00021301=00044, 00024012=00024, 00024011=00024, 00024010=00024, 00061001=00061, 00029004=00029, 80000032=80000, 60000001=28472, 00100097=00117, 03000001=03521, 00048063=00048, 00048062=00048, 00024013=00024, 20000001=03521, 00044058=00044, 00024014=00024, 00318242=00318, 00044022=00044, 00045059=50000, 00074023=23060, 00043245=00043, 00048061=00048, 00012209=00012, 00012208=00012, 00001104=00001, 00000805=50000, 81000002=23060, 00079028=00079, 00001244=00001, 81000003=21257, 00214109=00214, 00164073=00164, 00100805=00001, 92000001=00044, 00164112=00164, 00028027=00028, 00043254=00043, 21250001=21257, 00216057=00216, 00043057=00043, 00120001=00120, 70000051=70000, 00028017=00028, 00124037=00124, 00215056=00215, 00176045=00176, 00001211=00001, 00125031=00125, 00121093=00121, 00001210=00001, 00027029=00027, 28472923=28472, 00024032=00024, 00214110=00214, 00075024=03521, 50000001=50000, 21257027=21257, 00192050=00192, 91000001=00044, 00034567=00044, 00076025=28472, 00078067=00078, 00078027=70000, 00026015=00026, 00213108=00213, 70000049=70000, 00218058=00218, 00027018=00027, 00043277=00043, 00118001=00118, 23060001=23060, 28000001=50000, 00192048=00192, 00026036=00026, 21257086=21257, 00026035=00026, 30000001=21257, 00026034=00026, 00026033=00026, 00026171=00026, 00001001=00001, 00026030=00026, 00191047=00191, 00125060=00125, 00103218=00103, 23060089=23060, 00340257=00340, 00340258=00340, 00077002=00077, 00033216=00033, 90000001=03521, 00163042=00163, 00026045=00026, 80000001=80000, 00026044=00026, 00026047=00026, 00026046=00026, 00033217=00033, 00026041=00026, 00162041=00162, 00026040=00026, 00026043=00026, 00026042=00026, 00026037=00026, 00026038=00026, 00046060=00046, 00026039=00026, 00171044=00171, 00067020=67000, 23060094=23060, 00161040=00161, 00085070=00085, 00029053=00029, 00169243=00169, 00025031=00025, 00026050=00026, 82000002=23060, 00104219=00104, 00026051=00026, 00012002=00012, 00026055=00026, 00031020=00031, 00026252=00026, 00031021=00031, 00031022=00031, 00026048=00026, 00026049=00026, 00031023=00031, 00031024=00031, 00073022=21257, 00031025=00031, 00031026=00031, 00033052=00033, 00031028=00031, 00043017=00043, 00041260=00041, 00077026=23060, 00169098=00169, 00226113=00226, 00001170=00001, 00077081=00077, 00001172=00001, 00028054=00028, 00160039=00160, 00024253=00024, 00041056=00041, 00080029=80000, 70000001=70000, 00119001=00119, 00031019=00031, 00151111=00151, 88000001=50000, 00043021=00043, 00001168=00001, 00025016=00025, 00001169=00001}
[main] 20170525 10:52:42 INFO  AbstractBatchBasic   L:109  - begin running
[main] 20170525 10:52:42 DEBUG TbBatchResultMgr     L:60   - sql: INSERT INTO TB_BATCH_RESULT(PROGRAM_NAME, START_DATE, START_TIME, END_DATE, END_TIME, WORK_FLAG, RCODE, ERROR_DESC, PAR_MON, PAR_DAY, LINK_CONTROL, JOB_ID, JOB_TIME, MEM_ID, RECOVER_VALUE) VALUES ('ExpImportReturn', '20170525', '105242', '', '', '0', '0000', '', '05', '25', 'N', '000', '000000', '', '')
[main] 20170525 10:52:42 DEBUG TbBatchResultMgr     L:64   - TB_BATCH_RESULT: 1 record inserted
[main] 20170525 10:52:42 DEBUG TbBatchResultMgr     L:65   - [TbBatchResultInfo  sProgramName:ExpImportReturn sStartDate:20170525 sStartTime:105242 sEndDate: sEndTime: sWorkFlag:0 sRcode:0000 sErrorDesc: sParMon:05 sParDay:25 sLinkControl:N sJobId:000 sJobTime:000000 sMemId: sRecoverValue:]
[main] 20170525 10:52:42 DEBUG ExpImportReturn      L:334  - sqlCmd: SELECT MEM_ID FROM TB_MEMBER WHERE MEM_ID IN (  SELECT TB_INCTL.MEM_ID FROM TB_INCTL,TB_IMPORT_DATA_LOG WHERE TB_INCTL.FULL_FILE_NAME = TB_IMPORT_DATA_LOG.FULL_FILE_NAME)
[main] 20170525 10:52:42 DEBUG ExpImportReturn      L:200  - Sql: select ti.*,RETURN_FILE_NAME FROM TB_INCTL ti,(select fi.FILE_NAME, fi.LOCAL_PATH, fi.RETURN_FILE_NAME, rf.MEM_ID from TB_RESP_FILE_CONFIG rf, TB_FILE_INFO fi where rf.FILE_NAME=fi.FILE_NAME and RESP_FLAG='1') tfi where ti.FILE_NAME=tfi.FILE_NAME and START_DATE='20151204'
[main] 20170525 10:52:42 DEBUG TbFileInfoMgr        L:253  - sql: SELECT ROWID, FILE_NAME, IN_OUT, FILE_TYPE, DATA_LEN, FILE_NAME_PATTERN, LOCAL_PATH, UPT_USERID, UPT_DATE, UPT_TIME, APRV_USERID, APRV_DATE, APRV_TIME, OK_FLAG, SUB_FILE_NAME, RETURN_FILE_NAME, CIPHER_FLAG, KEY_WORD FROM TB_FILE_INFO WHERE FILE_NAME = 'BMEMR' AND IN_OUT = 'O'
[main] 20170525 10:52:42 DEBUG TbFileInfoMgr        L:266  - TB_FILE_INFO: 1 records exist
[main] 20170525 10:52:42 DEBUG TbFileInfoMgr        L:267  - [TbFileInfoPK  sFileName:BMEMR sInOut:O]
[main] 20170525 10:52:42 DEBUG TbFileInfoMgr        L:253  - sql: SELECT ROWID, FILE_NAME, IN_OUT, FILE_TYPE, DATA_LEN, FILE_NAME_PATTERN, LOCAL_PATH, UPT_USERID, UPT_DATE, UPT_TIME, APRV_USERID, APRV_DATE, APRV_TIME, OK_FLAG, SUB_FILE_NAME, RETURN_FILE_NAME, CIPHER_FLAG, KEY_WORD FROM TB_FILE_INFO WHERE FILE_NAME = 'BMEMR' AND IN_OUT = 'O'
[main] 20170525 10:52:42 DEBUG TbFileInfoMgr        L:266  - TB_FILE_INFO: 1 records exist
[main] 20170525 10:52:42 DEBUG TbFileInfoMgr        L:267  - [TbFileInfoPK  sFileName:BMEMR sInOut:O]
[main] 20170525 10:52:42 DEBUG TbFileInfoMgr        L:253  - sql: SELECT ROWID, FILE_NAME, IN_OUT, FILE_TYPE, DATA_LEN, FILE_NAME_PATTERN, LOCAL_PATH, UPT_USERID, UPT_DATE, UPT_TIME, APRV_USERID, APRV_DATE, APRV_TIME, OK_FLAG, SUB_FILE_NAME, RETURN_FILE_NAME, CIPHER_FLAG, KEY_WORD FROM TB_FILE_INFO WHERE FILE_NAME = 'BARLR' AND IN_OUT = 'O'
[main] 20170525 10:52:42 DEBUG TbFileInfoMgr        L:266  - TB_FILE_INFO: 1 records exist
[main] 20170525 10:52:42 DEBUG TbFileInfoMgr        L:267  - [TbFileInfoPK  sFileName:BARLR sInOut:O]
[main] 20170525 10:52:42 DEBUG TbFileInfoMgr        L:253  - sql: SELECT ROWID, FILE_NAME, IN_OUT, FILE_TYPE, DATA_LEN, FILE_NAME_PATTERN, LOCAL_PATH, UPT_USERID, UPT_DATE, UPT_TIME, APRV_USERID, APRV_DATE, APRV_TIME, OK_FLAG, SUB_FILE_NAME, RETURN_FILE_NAME, CIPHER_FLAG, KEY_WORD FROM TB_FILE_INFO WHERE FILE_NAME = 'BMEMR' AND IN_OUT = 'O'
[main] 20170525 10:52:42 DEBUG TbFileInfoMgr        L:266  - TB_FILE_INFO: 1 records exist
[main] 20170525 10:52:42 DEBUG TbFileInfoMgr        L:267  - [TbFileInfoPK  sFileName:BMEMR sInOut:O]
[main] 20170525 10:52:42 DEBUG TbFileInfoMgr        L:253  - sql: SELECT ROWID, FILE_NAME, IN_OUT, FILE_TYPE, DATA_LEN, FILE_NAME_PATTERN, LOCAL_PATH, UPT_USERID, UPT_DATE, UPT_TIME, APRV_USERID, APRV_DATE, APRV_TIME, OK_FLAG, SUB_FILE_NAME, RETURN_FILE_NAME, CIPHER_FLAG, KEY_WORD FROM TB_FILE_INFO WHERE FILE_NAME = 'BMEMR' AND IN_OUT = 'O'
[main] 20170525 10:52:42 DEBUG TbFileInfoMgr        L:266  - TB_FILE_INFO: 1 records exist
[main] 20170525 10:52:42 DEBUG TbFileInfoMgr        L:267  - [TbFileInfoPK  sFileName:BMEMR sInOut:O]
[main] 20170525 10:52:42 DEBUG TbFileInfoMgr        L:253  - sql: SELECT ROWID, FILE_NAME, IN_OUT, FILE_TYPE, DATA_LEN, FILE_NAME_PATTERN, LOCAL_PATH, UPT_USERID, UPT_DATE, UPT_TIME, APRV_USERID, APRV_DATE, APRV_TIME, OK_FLAG, SUB_FILE_NAME, RETURN_FILE_NAME, CIPHER_FLAG, KEY_WORD FROM TB_FILE_INFO WHERE FILE_NAME = 'BMEMR' AND IN_OUT = 'O'
[main] 20170525 10:52:42 DEBUG TbFileInfoMgr        L:266  - TB_FILE_INFO: 1 records exist
[main] 20170525 10:52:42 DEBUG TbFileInfoMgr        L:267  - [TbFileInfoPK  sFileName:BMEMR sInOut:O]
[main] 20170525 10:52:42 DEBUG TbFileInfoMgr        L:253  - sql: SELECT ROWID, FILE_NAME, IN_OUT, FILE_TYPE, DATA_LEN, FILE_NAME_PATTERN, LOCAL_PATH, UPT_USERID, UPT_DATE, UPT_TIME, APRV_USERID, APRV_DATE, APRV_TIME, OK_FLAG, SUB_FILE_NAME, RETURN_FILE_NAME, CIPHER_FLAG, KEY_WORD FROM TB_FILE_INFO WHERE FILE_NAME = 'BARLR' AND IN_OUT = 'O'
[main] 20170525 10:52:42 DEBUG TbFileInfoMgr        L:266  - TB_FILE_INFO: 1 records exist
[main] 20170525 10:52:42 DEBUG TbFileInfoMgr        L:267  - [TbFileInfoPK  sFileName:BARLR sInOut:O]
[main] 20170525 10:52:42 DEBUG TbFileInfoMgr        L:253  - sql: SELECT ROWID, FILE_NAME, IN_OUT, FILE_TYPE, DATA_LEN, FILE_NAME_PATTERN, LOCAL_PATH, UPT_USERID, UPT_DATE, UPT_TIME, APRV_USERID, APRV_DATE, APRV_TIME, OK_FLAG, SUB_FILE_NAME, RETURN_FILE_NAME, CIPHER_FLAG, KEY_WORD FROM TB_FILE_INFO WHERE FILE_NAME = 'BKCDR' AND IN_OUT = 'O'
[main] 20170525 10:52:42 DEBUG TbFileInfoMgr        L:266  - TB_FILE_INFO: 1 records exist
[main] 20170525 10:52:42 DEBUG TbFileInfoMgr        L:267  - [TbFileInfoPK  sFileName:BKCDR sInOut:O]
[main] 20170525 10:52:42 DEBUG TbFileInfoMgr        L:253  - sql: SELECT ROWID, FILE_NAME, IN_OUT, FILE_TYPE, DATA_LEN, FILE_NAME_PATTERN, LOCAL_PATH, UPT_USERID, UPT_DATE, UPT_TIME, APRV_USERID, APRV_DATE, APRV_TIME, OK_FLAG, SUB_FILE_NAME, RETURN_FILE_NAME, CIPHER_FLAG, KEY_WORD FROM TB_FILE_INFO WHERE FILE_NAME = 'BARLR' AND IN_OUT = 'O'
[main] 20170525 10:52:42 DEBUG TbFileInfoMgr        L:266  - TB_FILE_INFO: 1 records exist
[main] 20170525 10:52:42 DEBUG TbFileInfoMgr        L:267  - [TbFileInfoPK  sFileName:BARLR sInOut:O]
[main] 20170525 10:52:42 DEBUG TbFileInfoMgr        L:253  - sql: SELECT ROWID, FILE_NAME, IN_OUT, FILE_TYPE, DATA_LEN, FILE_NAME_PATTERN, LOCAL_PATH, UPT_USERID, UPT_DATE, UPT_TIME, APRV_USERID, APRV_DATE, APRV_TIME, OK_FLAG, SUB_FILE_NAME, RETURN_FILE_NAME, CIPHER_FLAG, KEY_WORD FROM TB_FILE_INFO WHERE FILE_NAME = 'BMEMR' AND IN_OUT = 'O'
[main] 20170525 10:52:42 DEBUG TbFileInfoMgr        L:266  - TB_FILE_INFO: 1 records exist
[main] 20170525 10:52:42 DEBUG TbFileInfoMgr        L:267  - [TbFileInfoPK  sFileName:BMEMR sInOut:O]
[main] 20170525 10:52:42 DEBUG TbOutctlMgr          L:272  - sql: SELECT ROWID, MEM_ID, FILE_NAME, FILE_DATE, SEQNO, FILE_TYPE, WORK_FLAG, TOT_REC, FILE_SIZE, FULL_FILE_NAME, PROGRAM_NAME, START_DATE, START_TIME, PAR_MON, PAR_DAY, SYS_DATE, SYS_TIME, MEM_GROUP_ID, MERCH_ID FROM TB_OUTCTL WHERE MEM_ID = '00000805' AND FILE_NAME = 'BMEMR' AND FILE_DATE = '20151204' AND SEQNO = '01'
[main] 20170525 10:52:42 DEBUG TbOutctlMgr          L:285  - TB_OUTCTL: 0 records exist
[main] 20170525 10:52:42 DEBUG TbOutctlMgr          L:286  - [TbOutctlPK  sMemId:00000805 sFileName:BMEMR sFileDate:20151204 sSeqno:01]
[main] 20170525 10:52:42 DEBUG TbOutctlMgr          L:60   - sql: INSERT INTO TB_OUTCTL(MEM_ID, FILE_NAME, FILE_DATE, SEQNO, FILE_TYPE, WORK_FLAG, TOT_REC, FILE_SIZE, FULL_FILE_NAME, PROGRAM_NAME, START_DATE, START_TIME, PAR_MON, PAR_DAY, SYS_DATE, SYS_TIME, MEM_GROUP_ID, MERCH_ID) VALUES ('00000805', 'BMEMR', '20151204', '01', 'B', '0', 0, 0, 'BMEMR.00000805.2015120401', '', '', '', '12', '04', '20170525', '105242', '', '')
[main] 20170525 10:52:42 DEBUG TbOutctlMgr          L:64   - TB_OUTCTL: 1 record inserted
[main] 20170525 10:52:42 DEBUG TbOutctlMgr          L:65   - [TbOutctlInfo  sMemId:00000805 sFileName:BMEMR sFileDate:20151204 sSeqno:01 sFileType:B sWorkFlag:0 sTotRec:null sFileSize:null sFullFileName:BMEMR.00000805.2015120401 sProgramName: sStartDate: sStartTime: sParMon:12 sParDay:04 sSysDate: sSysTime: sMemGroupId: sMerchId:]
[main] 20170525 10:52:42 INFO  ExpImportReturn      L:267  - fail count: 6, rcode: 0000
[main] 20170525 10:52:42 INFO  AbstractExpFile      L:261  - fileSize: 2854
[main] 20170525 10:52:42 INFO  AbstractExpFile      L:262  - DataLen: 725
[main] 20170525 10:52:42 WARN  AbstractExpFile      L:481  - handleOneExpFile error:fileSize % expFileInfo.getFileInfo().getDataLen().intValue() != 0 for 'D:\workspaceJuno\YHDP_L3_2\batch_file\work_file\out\BMEMR\50000\00000805\DN\BMEMR.00000805.2015120401.TMP'!
java.lang.Exception: fileSize % expFileInfo.getFileInfo().getDataLen().intValue() != 0 for 'D:\workspaceJuno\YHDP_L3_2\batch_file\work_file\out\BMEMR\50000\00000805\DN\BMEMR.00000805.2015120401.TMP'!
	at tw.com.hyweb.svc.yhdp.batch.expfiles.ExpImpReturn.AbstractExpFile.checkExpFile(AbstractExpFile.java:263)
	at tw.com.hyweb.svc.yhdp.batch.expfiles.ExpImpReturn.AbstractExpFile.closeFileProcess(AbstractExpFile.java:339)
	at tw.com.hyweb.svc.yhdp.batch.expfiles.ExpImpReturn.AbstractExpFile.handleOneExpFile(AbstractExpFile.java:475)
	at tw.com.hyweb.svc.yhdp.batch.expfiles.ExpImpReturn.AbstractExpFile.process(AbstractExpFile.java:654)
	at tw.com.hyweb.core.cp.batch.framework.AbstractBatchBasic.run(AbstractBatchBasic.java:114)
	at tw.com.hyweb.svc.yhdp.batch.expfiles.ExpImpReturn.ExpImportReturn.main(ExpImportReturn.java:400)
[main] 20170525 10:52:42 WARN  AbstractExpFile      L:659  - handle one expFileinfo error for '[ExpFileInfo:  memGroupId:50000 memId:00000805 merchId: fileName:BMEMR fileDate:20151204 seqno:01 seqnoStart:-1 seqnoEnd:-1 fullFileName:BMEMR.00000805.2015120401 selectSQL:select MESSAGE, RCODE from TB_IMPORT_DATA_LOG where FULL_FILE_NAME='BMEM.00000805.2015120401' and FILE_DATE='20151204' order by LINE_NO checkFlag:true fileEncoding:BIG5 usingTempFile:true tempFilePending:.TMP expTempFullFileName:BMEMR.00000805.2015120401.TMP expFullFileName:BMEMR.00000805.2015120401 expFile:batch_file\work_file\out\BMEMR\50000\00000805\DN\BMEMR.00000805.2015120401 expTempFile:batch_file\work_file\out\BMEMR\50000\00000805\DN\BMEMR.00000805.2015120401.TMP recordsPerFlush:-1 recordsPerFile:-1 lineSeparator:dos fileInfo:[TbFileInfoInfo  sFileName:BMEMR sInOut:O sFileType:B sDataLen:725 sFileNamePattern:BMEMR.\d{8}.\d{10} sLocalPath:out/BMEMR/22222/00000000/DN sUptUserid: sUptDate: sUptTime: sAprvUserid: sAprvDate: sAprvTime: sOkFlag:1 sSubFileName:.OK sReturnFileName: sCipherFlag:1 sKeyWord:]]':fileSize % expFileInfo.getFileInfo().getDataLen().intValue() != 0 for 'D:\workspaceJuno\YHDP_L3_2\batch_file\work_file\out\BMEMR\50000\00000805\DN\BMEMR.00000805.2015120401.TMP'!
java.lang.Exception: fileSize % expFileInfo.getFileInfo().getDataLen().intValue() != 0 for 'D:\workspaceJuno\YHDP_L3_2\batch_file\work_file\out\BMEMR\50000\00000805\DN\BMEMR.00000805.2015120401.TMP'!
	at tw.com.hyweb.svc.yhdp.batch.expfiles.ExpImpReturn.AbstractExpFile.checkExpFile(AbstractExpFile.java:263)
	at tw.com.hyweb.svc.yhdp.batch.expfiles.ExpImpReturn.AbstractExpFile.closeFileProcess(AbstractExpFile.java:339)
	at tw.com.hyweb.svc.yhdp.batch.expfiles.ExpImpReturn.AbstractExpFile.handleOneExpFile(AbstractExpFile.java:475)
	at tw.com.hyweb.svc.yhdp.batch.expfiles.ExpImpReturn.AbstractExpFile.process(AbstractExpFile.java:654)
	at tw.com.hyweb.core.cp.batch.framework.AbstractBatchBasic.run(AbstractBatchBasic.java:114)
	at tw.com.hyweb.svc.yhdp.batch.expfiles.ExpImpReturn.ExpImportReturn.main(ExpImportReturn.java:400)
[main] 20170525 10:52:42 DEBUG TbOutctlMgr          L:272  - sql: SELECT ROWID, MEM_ID, FILE_NAME, FILE_DATE, SEQNO, FILE_TYPE, WORK_FLAG, TOT_REC, FILE_SIZE, FULL_FILE_NAME, PROGRAM_NAME, START_DATE, START_TIME, PAR_MON, PAR_DAY, SYS_DATE, SYS_TIME, MEM_GROUP_ID, MERCH_ID FROM TB_OUTCTL WHERE MEM_ID = '00000805' AND FILE_NAME = 'BMEMR' AND FILE_DATE = '20151204' AND SEQNO = '02'
[main] 20170525 10:52:42 DEBUG TbOutctlMgr          L:285  - TB_OUTCTL: 0 records exist
[main] 20170525 10:52:42 DEBUG TbOutctlMgr          L:286  - [TbOutctlPK  sMemId:00000805 sFileName:BMEMR sFileDate:20151204 sSeqno:02]
[main] 20170525 10:52:42 DEBUG TbOutctlMgr          L:60   - sql: INSERT INTO TB_OUTCTL(MEM_ID, FILE_NAME, FILE_DATE, SEQNO, FILE_TYPE, WORK_FLAG, TOT_REC, FILE_SIZE, FULL_FILE_NAME, PROGRAM_NAME, START_DATE, START_TIME, PAR_MON, PAR_DAY, SYS_DATE, SYS_TIME, MEM_GROUP_ID, MERCH_ID) VALUES ('00000805', 'BMEMR', '20151204', '02', 'B', '0', 0, 0, 'BMEMR.00000805.2015120402', '', '', '', '12', '04', '20170525', '105242', '', '')
[main] 20170525 10:52:42 DEBUG TbOutctlMgr          L:64   - TB_OUTCTL: 1 record inserted
[main] 20170525 10:52:42 DEBUG TbOutctlMgr          L:65   - [TbOutctlInfo  sMemId:00000805 sFileName:BMEMR sFileDate:20151204 sSeqno:02 sFileType:B sWorkFlag:0 sTotRec:null sFileSize:null sFullFileName:BMEMR.00000805.2015120402 sProgramName: sStartDate: sStartTime: sParMon:12 sParDay:04 sSysDate: sSysTime: sMemGroupId: sMerchId:]
[main] 20170525 10:52:42 INFO  ExpImportReturn      L:267  - fail count: 8, rcode: 0000
[main] 20170525 10:52:42 INFO  AbstractExpFile      L:261  - fileSize: 3563
[main] 20170525 10:52:42 INFO  AbstractExpFile      L:262  - DataLen: 725
[main] 20170525 10:52:42 WARN  AbstractExpFile      L:481  - handleOneExpFile error:fileSize % expFileInfo.getFileInfo().getDataLen().intValue() != 0 for 'D:\workspaceJuno\YHDP_L3_2\batch_file\work_file\out\BMEMR\50000\00000805\DN\BMEMR.00000805.2015120402.TMP'!
java.lang.Exception: fileSize % expFileInfo.getFileInfo().getDataLen().intValue() != 0 for 'D:\workspaceJuno\YHDP_L3_2\batch_file\work_file\out\BMEMR\50000\00000805\DN\BMEMR.00000805.2015120402.TMP'!
	at tw.com.hyweb.svc.yhdp.batch.expfiles.ExpImpReturn.AbstractExpFile.checkExpFile(AbstractExpFile.java:263)
	at tw.com.hyweb.svc.yhdp.batch.expfiles.ExpImpReturn.AbstractExpFile.closeFileProcess(AbstractExpFile.java:339)
	at tw.com.hyweb.svc.yhdp.batch.expfiles.ExpImpReturn.AbstractExpFile.handleOneExpFile(AbstractExpFile.java:475)
	at tw.com.hyweb.svc.yhdp.batch.expfiles.ExpImpReturn.AbstractExpFile.process(AbstractExpFile.java:654)
	at tw.com.hyweb.core.cp.batch.framework.AbstractBatchBasic.run(AbstractBatchBasic.java:114)
	at tw.com.hyweb.svc.yhdp.batch.expfiles.ExpImpReturn.ExpImportReturn.main(ExpImportReturn.java:400)
[main] 20170525 10:52:42 WARN  AbstractExpFile      L:659  - handle one expFileinfo error for '[ExpFileInfo:  memGroupId:50000 memId:00000805 merchId: fileName:BMEMR fileDate:20151204 seqno:02 seqnoStart:-1 seqnoEnd:-1 fullFileName:BMEMR.00000805.2015120402 selectSQL:select MESSAGE, RCODE from TB_IMPORT_DATA_LOG where FULL_FILE_NAME='BMEM.00000805.2015120402' and FILE_DATE='20151204' order by LINE_NO checkFlag:true fileEncoding:BIG5 usingTempFile:true tempFilePending:.TMP expTempFullFileName:BMEMR.00000805.2015120402.TMP expFullFileName:BMEMR.00000805.2015120402 expFile:batch_file\work_file\out\BMEMR\50000\00000805\DN\BMEMR.00000805.2015120402 expTempFile:batch_file\work_file\out\BMEMR\50000\00000805\DN\BMEMR.00000805.2015120402.TMP recordsPerFlush:-1 recordsPerFile:-1 lineSeparator:dos fileInfo:[TbFileInfoInfo  sFileName:BMEMR sInOut:O sFileType:B sDataLen:725 sFileNamePattern:BMEMR.\d{8}.\d{10} sLocalPath:out/BMEMR/22222/00000000/DN sUptUserid: sUptDate: sUptTime: sAprvUserid: sAprvDate: sAprvTime: sOkFlag:1 sSubFileName:.OK sReturnFileName: sCipherFlag:1 sKeyWord:]]':fileSize % expFileInfo.getFileInfo().getDataLen().intValue() != 0 for 'D:\workspaceJuno\YHDP_L3_2\batch_file\work_file\out\BMEMR\50000\00000805\DN\BMEMR.00000805.2015120402.TMP'!
java.lang.Exception: fileSize % expFileInfo.getFileInfo().getDataLen().intValue() != 0 for 'D:\workspaceJuno\YHDP_L3_2\batch_file\work_file\out\BMEMR\50000\00000805\DN\BMEMR.00000805.2015120402.TMP'!
	at tw.com.hyweb.svc.yhdp.batch.expfiles.ExpImpReturn.AbstractExpFile.checkExpFile(AbstractExpFile.java:263)
	at tw.com.hyweb.svc.yhdp.batch.expfiles.ExpImpReturn.AbstractExpFile.closeFileProcess(AbstractExpFile.java:339)
	at tw.com.hyweb.svc.yhdp.batch.expfiles.ExpImpReturn.AbstractExpFile.handleOneExpFile(AbstractExpFile.java:475)
	at tw.com.hyweb.svc.yhdp.batch.expfiles.ExpImpReturn.AbstractExpFile.process(AbstractExpFile.java:654)
	at tw.com.hyweb.core.cp.batch.framework.AbstractBatchBasic.run(AbstractBatchBasic.java:114)
	at tw.com.hyweb.svc.yhdp.batch.expfiles.ExpImpReturn.ExpImportReturn.main(ExpImportReturn.java:400)
[main] 20170525 10:52:42 DEBUG TbOutctlMgr          L:272  - sql: SELECT ROWID, MEM_ID, FILE_NAME, FILE_DATE, SEQNO, FILE_TYPE, WORK_FLAG, TOT_REC, FILE_SIZE, FULL_FILE_NAME, PROGRAM_NAME, START_DATE, START_TIME, PAR_MON, PAR_DAY, SYS_DATE, SYS_TIME, MEM_GROUP_ID, MERCH_ID FROM TB_OUTCTL WHERE MEM_ID = '00000805' AND FILE_NAME = 'BARLR' AND FILE_DATE = '20151204' AND SEQNO = '03'
[main] 20170525 10:52:42 DEBUG TbOutctlMgr          L:285  - TB_OUTCTL: 1 records exist
[main] 20170525 10:52:42 DEBUG TbOutctlMgr          L:286  - [TbOutctlPK  sMemId:00000805 sFileName:BARLR sFileDate:20151204 sSeqno:03]
[main] 20170525 10:52:42 INFO  AbstractExpFile      L:618  - file(BARLR.00000805.2015120403) has been generated !!
[main] 20170525 10:52:42 DEBUG TbOutctlMgr          L:272  - sql: SELECT ROWID, MEM_ID, FILE_NAME, FILE_DATE, SEQNO, FILE_TYPE, WORK_FLAG, TOT_REC, FILE_SIZE, FULL_FILE_NAME, PROGRAM_NAME, START_DATE, START_TIME, PAR_MON, PAR_DAY, SYS_DATE, SYS_TIME, MEM_GROUP_ID, MERCH_ID FROM TB_OUTCTL WHERE MEM_ID = '00000805' AND FILE_NAME = 'BMEMR' AND FILE_DATE = '20151204' AND SEQNO = '06'
[main] 20170525 10:52:42 DEBUG TbOutctlMgr          L:285  - TB_OUTCTL: 0 records exist
[main] 20170525 10:52:42 DEBUG TbOutctlMgr          L:286  - [TbOutctlPK  sMemId:00000805 sFileName:BMEMR sFileDate:20151204 sSeqno:06]
[main] 20170525 10:52:42 DEBUG TbOutctlMgr          L:60   - sql: INSERT INTO TB_OUTCTL(MEM_ID, FILE_NAME, FILE_DATE, SEQNO, FILE_TYPE, WORK_FLAG, TOT_REC, FILE_SIZE, FULL_FILE_NAME, PROGRAM_NAME, START_DATE, START_TIME, PAR_MON, PAR_DAY, SYS_DATE, SYS_TIME, MEM_GROUP_ID, MERCH_ID) VALUES ('00000805', 'BMEMR', '20151204', '06', 'B', '0', 0, 0, 'BMEMR.00000805.2015120406', '', '', '', '12', '04', '20170525', '105242', '', '')
[main] 20170525 10:52:42 DEBUG TbOutctlMgr          L:64   - TB_OUTCTL: 1 record inserted
[main] 20170525 10:52:42 DEBUG TbOutctlMgr          L:65   - [TbOutctlInfo  sMemId:00000805 sFileName:BMEMR sFileDate:20151204 sSeqno:06 sFileType:B sWorkFlag:0 sTotRec:null sFileSize:null sFullFileName:BMEMR.00000805.2015120406 sProgramName: sStartDate: sStartTime: sParMon:12 sParDay:04 sSysDate: sSysTime: sMemGroupId: sMerchId:]
[main] 20170525 10:52:42 INFO  ExpImportReturn      L:267  - fail count: 2, rcode: 0000
[main] 20170525 10:52:42 INFO  AbstractExpFile      L:261  - fileSize: 2143
[main] 20170525 10:52:42 INFO  AbstractExpFile      L:262  - DataLen: 725
[main] 20170525 10:52:42 WARN  AbstractExpFile      L:481  - handleOneExpFile error:fileSize % expFileInfo.getFileInfo().getDataLen().intValue() != 0 for 'D:\workspaceJuno\YHDP_L3_2\batch_file\work_file\out\BMEMR\50000\00000805\DN\BMEMR.00000805.2015120406.TMP'!
java.lang.Exception: fileSize % expFileInfo.getFileInfo().getDataLen().intValue() != 0 for 'D:\workspaceJuno\YHDP_L3_2\batch_file\work_file\out\BMEMR\50000\00000805\DN\BMEMR.00000805.2015120406.TMP'!
	at tw.com.hyweb.svc.yhdp.batch.expfiles.ExpImpReturn.AbstractExpFile.checkExpFile(AbstractExpFile.java:263)
	at tw.com.hyweb.svc.yhdp.batch.expfiles.ExpImpReturn.AbstractExpFile.closeFileProcess(AbstractExpFile.java:339)
	at tw.com.hyweb.svc.yhdp.batch.expfiles.ExpImpReturn.AbstractExpFile.handleOneExpFile(AbstractExpFile.java:475)
	at tw.com.hyweb.svc.yhdp.batch.expfiles.ExpImpReturn.AbstractExpFile.process(AbstractExpFile.java:654)
	at tw.com.hyweb.core.cp.batch.framework.AbstractBatchBasic.run(AbstractBatchBasic.java:114)
	at tw.com.hyweb.svc.yhdp.batch.expfiles.ExpImpReturn.ExpImportReturn.main(ExpImportReturn.java:400)
[main] 20170525 10:52:42 WARN  AbstractExpFile      L:659  - handle one expFileinfo error for '[ExpFileInfo:  memGroupId:50000 memId:00000805 merchId: fileName:BMEMR fileDate:20151204 seqno:06 seqnoStart:-1 seqnoEnd:-1 fullFileName:BMEMR.00000805.2015120406 selectSQL:select MESSAGE, RCODE from TB_IMPORT_DATA_LOG where FULL_FILE_NAME='BMEM.00000805.2015120406' and FILE_DATE='20151204' order by LINE_NO checkFlag:true fileEncoding:BIG5 usingTempFile:true tempFilePending:.TMP expTempFullFileName:BMEMR.00000805.2015120406.TMP expFullFileName:BMEMR.00000805.2015120406 expFile:batch_file\work_file\out\BMEMR\50000\00000805\DN\BMEMR.00000805.2015120406 expTempFile:batch_file\work_file\out\BMEMR\50000\00000805\DN\BMEMR.00000805.2015120406.TMP recordsPerFlush:-1 recordsPerFile:-1 lineSeparator:dos fileInfo:[TbFileInfoInfo  sFileName:BMEMR sInOut:O sFileType:B sDataLen:725 sFileNamePattern:BMEMR.\d{8}.\d{10} sLocalPath:out/BMEMR/22222/00000000/DN sUptUserid: sUptDate: sUptTime: sAprvUserid: sAprvDate: sAprvTime: sOkFlag:1 sSubFileName:.OK sReturnFileName: sCipherFlag:1 sKeyWord:]]':fileSize % expFileInfo.getFileInfo().getDataLen().intValue() != 0 for 'D:\workspaceJuno\YHDP_L3_2\batch_file\work_file\out\BMEMR\50000\00000805\DN\BMEMR.00000805.2015120406.TMP'!
java.lang.Exception: fileSize % expFileInfo.getFileInfo().getDataLen().intValue() != 0 for 'D:\workspaceJuno\YHDP_L3_2\batch_file\work_file\out\BMEMR\50000\00000805\DN\BMEMR.00000805.2015120406.TMP'!
	at tw.com.hyweb.svc.yhdp.batch.expfiles.ExpImpReturn.AbstractExpFile.checkExpFile(AbstractExpFile.java:263)
	at tw.com.hyweb.svc.yhdp.batch.expfiles.ExpImpReturn.AbstractExpFile.closeFileProcess(AbstractExpFile.java:339)
	at tw.com.hyweb.svc.yhdp.batch.expfiles.ExpImpReturn.AbstractExpFile.handleOneExpFile(AbstractExpFile.java:475)
	at tw.com.hyweb.svc.yhdp.batch.expfiles.ExpImpReturn.AbstractExpFile.process(AbstractExpFile.java:654)
	at tw.com.hyweb.core.cp.batch.framework.AbstractBatchBasic.run(AbstractBatchBasic.java:114)
	at tw.com.hyweb.svc.yhdp.batch.expfiles.ExpImpReturn.ExpImportReturn.main(ExpImportReturn.java:400)
[main] 20170525 10:52:42 DEBUG TbOutctlMgr          L:272  - sql: SELECT ROWID, MEM_ID, FILE_NAME, FILE_DATE, SEQNO, FILE_TYPE, WORK_FLAG, TOT_REC, FILE_SIZE, FULL_FILE_NAME, PROGRAM_NAME, START_DATE, START_TIME, PAR_MON, PAR_DAY, SYS_DATE, SYS_TIME, MEM_GROUP_ID, MERCH_ID FROM TB_OUTCTL WHERE MEM_ID = '00000805' AND FILE_NAME = 'BMEMR' AND FILE_DATE = '20151204' AND SEQNO = '05'
[main] 20170525 10:52:42 DEBUG TbOutctlMgr          L:285  - TB_OUTCTL: 0 records exist
[main] 20170525 10:52:42 DEBUG TbOutctlMgr          L:286  - [TbOutctlPK  sMemId:00000805 sFileName:BMEMR sFileDate:20151204 sSeqno:05]
[main] 20170525 10:52:42 DEBUG TbOutctlMgr          L:60   - sql: INSERT INTO TB_OUTCTL(MEM_ID, FILE_NAME, FILE_DATE, SEQNO, FILE_TYPE, WORK_FLAG, TOT_REC, FILE_SIZE, FULL_FILE_NAME, PROGRAM_NAME, START_DATE, START_TIME, PAR_MON, PAR_DAY, SYS_DATE, SYS_TIME, MEM_GROUP_ID, MERCH_ID) VALUES ('00000805', 'BMEMR', '20151204', '05', 'B', '0', 0, 0, 'BMEMR.00000805.2015120405', '', '', '', '12', '04', '20170525', '105242', '', '')
[main] 20170525 10:52:42 DEBUG TbOutctlMgr          L:64   - TB_OUTCTL: 1 record inserted
[main] 20170525 10:52:42 DEBUG TbOutctlMgr          L:65   - [TbOutctlInfo  sMemId:00000805 sFileName:BMEMR sFileDate:20151204 sSeqno:05 sFileType:B sWorkFlag:0 sTotRec:null sFileSize:null sFullFileName:BMEMR.00000805.2015120405 sProgramName: sStartDate: sStartTime: sParMon:12 sParDay:04 sSysDate: sSysTime: sMemGroupId: sMerchId:]
[main] 20170525 10:52:42 INFO  ExpImportReturn      L:267  - fail count: 4, rcode: 0000
[main] 20170525 10:52:42 INFO  AbstractExpFile      L:261  - fileSize: 2143
[main] 20170525 10:52:42 INFO  AbstractExpFile      L:262  - DataLen: 725
[main] 20170525 10:52:42 WARN  AbstractExpFile      L:481  - handleOneExpFile error:fileSize % expFileInfo.getFileInfo().getDataLen().intValue() != 0 for 'D:\workspaceJuno\YHDP_L3_2\batch_file\work_file\out\BMEMR\50000\00000805\DN\BMEMR.00000805.2015120405.TMP'!
java.lang.Exception: fileSize % expFileInfo.getFileInfo().getDataLen().intValue() != 0 for 'D:\workspaceJuno\YHDP_L3_2\batch_file\work_file\out\BMEMR\50000\00000805\DN\BMEMR.00000805.2015120405.TMP'!
	at tw.com.hyweb.svc.yhdp.batch.expfiles.ExpImpReturn.AbstractExpFile.checkExpFile(AbstractExpFile.java:263)
	at tw.com.hyweb.svc.yhdp.batch.expfiles.ExpImpReturn.AbstractExpFile.closeFileProcess(AbstractExpFile.java:339)
	at tw.com.hyweb.svc.yhdp.batch.expfiles.ExpImpReturn.AbstractExpFile.handleOneExpFile(AbstractExpFile.java:475)
	at tw.com.hyweb.svc.yhdp.batch.expfiles.ExpImpReturn.AbstractExpFile.process(AbstractExpFile.java:654)
	at tw.com.hyweb.core.cp.batch.framework.AbstractBatchBasic.run(AbstractBatchBasic.java:114)
	at tw.com.hyweb.svc.yhdp.batch.expfiles.ExpImpReturn.ExpImportReturn.main(ExpImportReturn.java:400)
[main] 20170525 10:52:43 WARN  AbstractExpFile      L:659  - handle one expFileinfo error for '[ExpFileInfo:  memGroupId:50000 memId:00000805 merchId: fileName:BMEMR fileDate:20151204 seqno:05 seqnoStart:-1 seqnoEnd:-1 fullFileName:BMEMR.00000805.2015120405 selectSQL:select MESSAGE, RCODE from TB_IMPORT_DATA_LOG where FULL_FILE_NAME='BMEM.00000805.2015120405' and FILE_DATE='20151204' order by LINE_NO checkFlag:true fileEncoding:BIG5 usingTempFile:true tempFilePending:.TMP expTempFullFileName:BMEMR.00000805.2015120405.TMP expFullFileName:BMEMR.00000805.2015120405 expFile:batch_file\work_file\out\BMEMR\50000\00000805\DN\BMEMR.00000805.2015120405 expTempFile:batch_file\work_file\out\BMEMR\50000\00000805\DN\BMEMR.00000805.2015120405.TMP recordsPerFlush:-1 recordsPerFile:-1 lineSeparator:dos fileInfo:[TbFileInfoInfo  sFileName:BMEMR sInOut:O sFileType:B sDataLen:725 sFileNamePattern:BMEMR.\d{8}.\d{10} sLocalPath:out/BMEMR/22222/00000000/DN sUptUserid: sUptDate: sUptTime: sAprvUserid: sAprvDate: sAprvTime: sOkFlag:1 sSubFileName:.OK sReturnFileName: sCipherFlag:1 sKeyWord:]]':fileSize % expFileInfo.getFileInfo().getDataLen().intValue() != 0 for 'D:\workspaceJuno\YHDP_L3_2\batch_file\work_file\out\BMEMR\50000\00000805\DN\BMEMR.00000805.2015120405.TMP'!
java.lang.Exception: fileSize % expFileInfo.getFileInfo().getDataLen().intValue() != 0 for 'D:\workspaceJuno\YHDP_L3_2\batch_file\work_file\out\BMEMR\50000\00000805\DN\BMEMR.00000805.2015120405.TMP'!
	at tw.com.hyweb.svc.yhdp.batch.expfiles.ExpImpReturn.AbstractExpFile.checkExpFile(AbstractExpFile.java:263)
	at tw.com.hyweb.svc.yhdp.batch.expfiles.ExpImpReturn.AbstractExpFile.closeFileProcess(AbstractExpFile.java:339)
	at tw.com.hyweb.svc.yhdp.batch.expfiles.ExpImpReturn.AbstractExpFile.handleOneExpFile(AbstractExpFile.java:475)
	at tw.com.hyweb.svc.yhdp.batch.expfiles.ExpImpReturn.AbstractExpFile.process(AbstractExpFile.java:654)
	at tw.com.hyweb.core.cp.batch.framework.AbstractBatchBasic.run(AbstractBatchBasic.java:114)
	at tw.com.hyweb.svc.yhdp.batch.expfiles.ExpImpReturn.ExpImportReturn.main(ExpImportReturn.java:400)
[main] 20170525 10:52:43 DEBUG TbOutctlMgr          L:272  - sql: SELECT ROWID, MEM_ID, FILE_NAME, FILE_DATE, SEQNO, FILE_TYPE, WORK_FLAG, TOT_REC, FILE_SIZE, FULL_FILE_NAME, PROGRAM_NAME, START_DATE, START_TIME, PAR_MON, PAR_DAY, SYS_DATE, SYS_TIME, MEM_GROUP_ID, MERCH_ID FROM TB_OUTCTL WHERE MEM_ID = '00000805' AND FILE_NAME = 'BMEMR' AND FILE_DATE = '20151204' AND SEQNO = '04'
[main] 20170525 10:52:43 DEBUG TbOutctlMgr          L:285  - TB_OUTCTL: 0 records exist
[main] 20170525 10:52:43 DEBUG TbOutctlMgr          L:286  - [TbOutctlPK  sMemId:00000805 sFileName:BMEMR sFileDate:20151204 sSeqno:04]
[main] 20170525 10:52:43 DEBUG TbOutctlMgr          L:60   - sql: INSERT INTO TB_OUTCTL(MEM_ID, FILE_NAME, FILE_DATE, SEQNO, FILE_TYPE, WORK_FLAG, TOT_REC, FILE_SIZE, FULL_FILE_NAME, PROGRAM_NAME, START_DATE, START_TIME, PAR_MON, PAR_DAY, SYS_DATE, SYS_TIME, MEM_GROUP_ID, MERCH_ID) VALUES ('00000805', 'BMEMR', '20151204', '04', 'B', '0', 0, 0, 'BMEMR.00000805.2015120404', '', '', '', '12', '04', '20170525', '105243', '', '')
[main] 20170525 10:52:43 DEBUG TbOutctlMgr          L:64   - TB_OUTCTL: 1 record inserted
[main] 20170525 10:52:43 DEBUG TbOutctlMgr          L:65   - [TbOutctlInfo  sMemId:00000805 sFileName:BMEMR sFileDate:20151204 sSeqno:04 sFileType:B sWorkFlag:0 sTotRec:null sFileSize:null sFullFileName:BMEMR.00000805.2015120404 sProgramName: sStartDate: sStartTime: sParMon:12 sParDay:04 sSysDate: sSysTime: sMemGroupId: sMerchId:]
[main] 20170525 10:52:43 INFO  ExpImportReturn      L:267  - fail count: 2, rcode: 0000
[main] 20170525 10:52:43 INFO  AbstractExpFile      L:261  - fileSize: 2143
[main] 20170525 10:52:43 INFO  AbstractExpFile      L:262  - DataLen: 725
[main] 20170525 10:52:43 WARN  AbstractExpFile      L:481  - handleOneExpFile error:fileSize % expFileInfo.getFileInfo().getDataLen().intValue() != 0 for 'D:\workspaceJuno\YHDP_L3_2\batch_file\work_file\out\BMEMR\50000\00000805\DN\BMEMR.00000805.2015120404.TMP'!
java.lang.Exception: fileSize % expFileInfo.getFileInfo().getDataLen().intValue() != 0 for 'D:\workspaceJuno\YHDP_L3_2\batch_file\work_file\out\BMEMR\50000\00000805\DN\BMEMR.00000805.2015120404.TMP'!
	at tw.com.hyweb.svc.yhdp.batch.expfiles.ExpImpReturn.AbstractExpFile.checkExpFile(AbstractExpFile.java:263)
	at tw.com.hyweb.svc.yhdp.batch.expfiles.ExpImpReturn.AbstractExpFile.closeFileProcess(AbstractExpFile.java:339)
	at tw.com.hyweb.svc.yhdp.batch.expfiles.ExpImpReturn.AbstractExpFile.handleOneExpFile(AbstractExpFile.java:475)
	at tw.com.hyweb.svc.yhdp.batch.expfiles.ExpImpReturn.AbstractExpFile.process(AbstractExpFile.java:654)
	at tw.com.hyweb.core.cp.batch.framework.AbstractBatchBasic.run(AbstractBatchBasic.java:114)
	at tw.com.hyweb.svc.yhdp.batch.expfiles.ExpImpReturn.ExpImportReturn.main(ExpImportReturn.java:400)
[main] 20170525 10:52:43 WARN  AbstractExpFile      L:659  - handle one expFileinfo error for '[ExpFileInfo:  memGroupId:50000 memId:00000805 merchId: fileName:BMEMR fileDate:20151204 seqno:04 seqnoStart:-1 seqnoEnd:-1 fullFileName:BMEMR.00000805.2015120404 selectSQL:select MESSAGE, RCODE from TB_IMPORT_DATA_LOG where FULL_FILE_NAME='BMEM.00000805.2015120404' and FILE_DATE='20151204' order by LINE_NO checkFlag:true fileEncoding:BIG5 usingTempFile:true tempFilePending:.TMP expTempFullFileName:BMEMR.00000805.2015120404.TMP expFullFileName:BMEMR.00000805.2015120404 expFile:batch_file\work_file\out\BMEMR\50000\00000805\DN\BMEMR.00000805.2015120404 expTempFile:batch_file\work_file\out\BMEMR\50000\00000805\DN\BMEMR.00000805.2015120404.TMP recordsPerFlush:-1 recordsPerFile:-1 lineSeparator:dos fileInfo:[TbFileInfoInfo  sFileName:BMEMR sInOut:O sFileType:B sDataLen:725 sFileNamePattern:BMEMR.\d{8}.\d{10} sLocalPath:out/BMEMR/22222/00000000/DN sUptUserid: sUptDate: sUptTime: sAprvUserid: sAprvDate: sAprvTime: sOkFlag:1 sSubFileName:.OK sReturnFileName: sCipherFlag:1 sKeyWord:]]':fileSize % expFileInfo.getFileInfo().getDataLen().intValue() != 0 for 'D:\workspaceJuno\YHDP_L3_2\batch_file\work_file\out\BMEMR\50000\00000805\DN\BMEMR.00000805.2015120404.TMP'!
java.lang.Exception: fileSize % expFileInfo.getFileInfo().getDataLen().intValue() != 0 for 'D:\workspaceJuno\YHDP_L3_2\batch_file\work_file\out\BMEMR\50000\00000805\DN\BMEMR.00000805.2015120404.TMP'!
	at tw.com.hyweb.svc.yhdp.batch.expfiles.ExpImpReturn.AbstractExpFile.checkExpFile(AbstractExpFile.java:263)
	at tw.com.hyweb.svc.yhdp.batch.expfiles.ExpImpReturn.AbstractExpFile.closeFileProcess(AbstractExpFile.java:339)
	at tw.com.hyweb.svc.yhdp.batch.expfiles.ExpImpReturn.AbstractExpFile.handleOneExpFile(AbstractExpFile.java:475)
	at tw.com.hyweb.svc.yhdp.batch.expfiles.ExpImpReturn.AbstractExpFile.process(AbstractExpFile.java:654)
	at tw.com.hyweb.core.cp.batch.framework.AbstractBatchBasic.run(AbstractBatchBasic.java:114)
	at tw.com.hyweb.svc.yhdp.batch.expfiles.ExpImpReturn.ExpImportReturn.main(ExpImportReturn.java:400)
[main] 20170525 10:52:43 DEBUG TbOutctlMgr          L:272  - sql: SELECT ROWID, MEM_ID, FILE_NAME, FILE_DATE, SEQNO, FILE_TYPE, WORK_FLAG, TOT_REC, FILE_SIZE, FULL_FILE_NAME, PROGRAM_NAME, START_DATE, START_TIME, PAR_MON, PAR_DAY, SYS_DATE, SYS_TIME, MEM_GROUP_ID, MERCH_ID FROM TB_OUTCTL WHERE MEM_ID = '00000805' AND FILE_NAME = 'BARLR' AND FILE_DATE = '20151204' AND SEQNO = '02'
[main] 20170525 10:52:43 DEBUG TbOutctlMgr          L:285  - TB_OUTCTL: 1 records exist
[main] 20170525 10:52:43 DEBUG TbOutctlMgr          L:286  - [TbOutctlPK  sMemId:00000805 sFileName:BARLR sFileDate:20151204 sSeqno:02]
[main] 20170525 10:52:43 INFO  AbstractExpFile      L:618  - file(BARLR.00000805.2015120402) has been generated !!
[main] 20170525 10:52:43 DEBUG TbOutctlMgr          L:272  - sql: SELECT ROWID, MEM_ID, FILE_NAME, FILE_DATE, SEQNO, FILE_TYPE, WORK_FLAG, TOT_REC, FILE_SIZE, FULL_FILE_NAME, PROGRAM_NAME, START_DATE, START_TIME, PAR_MON, PAR_DAY, SYS_DATE, SYS_TIME, MEM_GROUP_ID, MERCH_ID FROM TB_OUTCTL WHERE MEM_ID = '00001001' AND FILE_NAME = 'BKCDR' AND FILE_DATE = '20150911' AND SEQNO = '08'
[main] 20170525 10:52:43 DEBUG TbOutctlMgr          L:285  - TB_OUTCTL: 0 records exist
[main] 20170525 10:52:43 DEBUG TbOutctlMgr          L:286  - [TbOutctlPK  sMemId:00001001 sFileName:BKCDR sFileDate:20150911 sSeqno:08]
[main] 20170525 10:52:43 DEBUG TbOutctlMgr          L:60   - sql: INSERT INTO TB_OUTCTL(MEM_ID, FILE_NAME, FILE_DATE, SEQNO, FILE_TYPE, WORK_FLAG, TOT_REC, FILE_SIZE, FULL_FILE_NAME, PROGRAM_NAME, START_DATE, START_TIME, PAR_MON, PAR_DAY, SYS_DATE, SYS_TIME, MEM_GROUP_ID, MERCH_ID) VALUES ('00001001', 'BKCDR', '20150911', '08', 'B', '0', 0, 0, 'BKCDR.00001001.2015091108', '', '', '', '09', '11', '20170525', '105243', '', '')
[main] 20170525 10:52:43 DEBUG TbOutctlMgr          L:64   - TB_OUTCTL: 1 record inserted
[main] 20170525 10:52:43 DEBUG TbOutctlMgr          L:65   - [TbOutctlInfo  sMemId:00001001 sFileName:BKCDR sFileDate:20150911 sSeqno:08 sFileType:B sWorkFlag:0 sTotRec:null sFileSize:null sFullFileName:BKCDR.00001001.2015091108 sProgramName: sStartDate: sStartTime: sParMon:09 sParDay:11 sSysDate: sSysTime: sMemGroupId: sMerchId:]
[main] 20170525 10:52:43 INFO  ExpImportReturn      L:267  - fail count: 0, rcode: 0000
[main] 20170525 10:52:43 DEBUG TbOutctlMgr          L:144  - sql: UPDATE TB_OUTCTL SET FILE_TYPE = 'B', WORK_FLAG = '1', TOT_REC = 3, FILE_SIZE = 256, FULL_FILE_NAME = 'BKCDR.00001001.2015091108', PROGRAM_NAME = 'ExpImportReturn', START_DATE = '20170525', START_TIME = '105242', PAR_MON = '09', PAR_DAY = '11', SYS_DATE = '20170525', SYS_TIME = '105243', MEM_GROUP_ID = '00001', MERCH_ID = '' WHERE MEM_ID = '00001001' AND FILE_NAME = 'BKCDR' AND FILE_DATE = '20150911' AND SEQNO = '08'
[main] 20170525 10:52:43 DEBUG TbOutctlMgr          L:148  - TB_OUTCTL: 1 record updated
[main] 20170525 10:52:43 DEBUG TbOutctlMgr          L:149  - [TbOutctlInfo  sMemId:00001001 sFileName:BKCDR sFileDate:20150911 sSeqno:08 sFileType:B sWorkFlag:1 sTotRec:3 sFileSize:256 sFullFileName:BKCDR.00001001.2015091108 sProgramName:ExpImportReturn sStartDate:20170525 sStartTime:105242 sParMon:09 sParDay:11 sSysDate:20170525 sSysTime:105243 sMemGroupId:00001 sMerchId:]
[main] 20170525 10:52:43 DEBUG TbOutctlMgr          L:272  - sql: SELECT ROWID, MEM_ID, FILE_NAME, FILE_DATE, SEQNO, FILE_TYPE, WORK_FLAG, TOT_REC, FILE_SIZE, FULL_FILE_NAME, PROGRAM_NAME, START_DATE, START_TIME, PAR_MON, PAR_DAY, SYS_DATE, SYS_TIME, MEM_GROUP_ID, MERCH_ID FROM TB_OUTCTL WHERE MEM_ID = '00000805' AND FILE_NAME = 'BARLR' AND FILE_DATE = '20151204' AND SEQNO = '01'
[main] 20170525 10:52:43 DEBUG TbOutctlMgr          L:285  - TB_OUTCTL: 1 records exist
[main] 20170525 10:52:43 DEBUG TbOutctlMgr          L:286  - [TbOutctlPK  sMemId:00000805 sFileName:BARLR sFileDate:20151204 sSeqno:01]
[main] 20170525 10:52:43 INFO  AbstractExpFile      L:618  - file(BARLR.00000805.2015120401) has been generated !!
[main] 20170525 10:52:43 DEBUG TbOutctlMgr          L:272  - sql: SELECT ROWID, MEM_ID, FILE_NAME, FILE_DATE, SEQNO, FILE_TYPE, WORK_FLAG, TOT_REC, FILE_SIZE, FULL_FILE_NAME, PROGRAM_NAME, START_DATE, START_TIME, PAR_MON, PAR_DAY, SYS_DATE, SYS_TIME, MEM_GROUP_ID, MERCH_ID FROM TB_OUTCTL WHERE MEM_ID = '00000805' AND FILE_NAME = 'BMEMR' AND FILE_DATE = '20151204' AND SEQNO = '07'
[main] 20170525 10:52:43 DEBUG TbOutctlMgr          L:285  - TB_OUTCTL: 0 records exist
[main] 20170525 10:52:43 DEBUG TbOutctlMgr          L:286  - [TbOutctlPK  sMemId:00000805 sFileName:BMEMR sFileDate:20151204 sSeqno:07]
[main] 20170525 10:52:43 DEBUG TbOutctlMgr          L:60   - sql: INSERT INTO TB_OUTCTL(MEM_ID, FILE_NAME, FILE_DATE, SEQNO, FILE_TYPE, WORK_FLAG, TOT_REC, FILE_SIZE, FULL_FILE_NAME, PROGRAM_NAME, START_DATE, START_TIME, PAR_MON, PAR_DAY, SYS_DATE, SYS_TIME, MEM_GROUP_ID, MERCH_ID) VALUES ('00000805', 'BMEMR', '20151204', '07', 'B', '0', 0, 0, 'BMEMR.00000805.2015120407', '', '', '', '12', '04', '20170525', '105243', '', '')
[main] 20170525 10:52:43 DEBUG TbOutctlMgr          L:64   - TB_OUTCTL: 1 record inserted
[main] 20170525 10:52:43 DEBUG TbOutctlMgr          L:65   - [TbOutctlInfo  sMemId:00000805 sFileName:BMEMR sFileDate:20151204 sSeqno:07 sFileType:B sWorkFlag:0 sTotRec:null sFileSize:null sFullFileName:BMEMR.00000805.2015120407 sProgramName: sStartDate: sStartTime: sParMon:12 sParDay:04 sSysDate: sSysTime: sMemGroupId: sMerchId:]
[main] 20170525 10:52:43 INFO  ExpImportReturn      L:267  - fail count: 2, rcode: 0000
[main] 20170525 10:52:43 INFO  AbstractExpFile      L:261  - fileSize: 2127
[main] 20170525 10:52:43 INFO  AbstractExpFile      L:262  - DataLen: 725
[main] 20170525 10:52:43 WARN  AbstractExpFile      L:481  - handleOneExpFile error:fileSize % expFileInfo.getFileInfo().getDataLen().intValue() != 0 for 'D:\workspaceJuno\YHDP_L3_2\batch_file\work_file\out\BMEMR\50000\00000805\DN\BMEMR.00000805.2015120407.TMP'!
java.lang.Exception: fileSize % expFileInfo.getFileInfo().getDataLen().intValue() != 0 for 'D:\workspaceJuno\YHDP_L3_2\batch_file\work_file\out\BMEMR\50000\00000805\DN\BMEMR.00000805.2015120407.TMP'!
	at tw.com.hyweb.svc.yhdp.batch.expfiles.ExpImpReturn.AbstractExpFile.checkExpFile(AbstractExpFile.java:263)
	at tw.com.hyweb.svc.yhdp.batch.expfiles.ExpImpReturn.AbstractExpFile.closeFileProcess(AbstractExpFile.java:339)
	at tw.com.hyweb.svc.yhdp.batch.expfiles.ExpImpReturn.AbstractExpFile.handleOneExpFile(AbstractExpFile.java:475)
	at tw.com.hyweb.svc.yhdp.batch.expfiles.ExpImpReturn.AbstractExpFile.process(AbstractExpFile.java:654)
	at tw.com.hyweb.core.cp.batch.framework.AbstractBatchBasic.run(AbstractBatchBasic.java:114)
	at tw.com.hyweb.svc.yhdp.batch.expfiles.ExpImpReturn.ExpImportReturn.main(ExpImportReturn.java:400)
[main] 20170525 10:52:43 WARN  AbstractExpFile      L:659  - handle one expFileinfo error for '[ExpFileInfo:  memGroupId:50000 memId:00000805 merchId: fileName:BMEMR fileDate:20151204 seqno:07 seqnoStart:-1 seqnoEnd:-1 fullFileName:BMEMR.00000805.2015120407 selectSQL:select MESSAGE, RCODE from TB_IMPORT_DATA_LOG where FULL_FILE_NAME='BMEM.00000805.2015120407' and FILE_DATE='20151204' order by LINE_NO checkFlag:true fileEncoding:BIG5 usingTempFile:true tempFilePending:.TMP expTempFullFileName:BMEMR.00000805.2015120407.TMP expFullFileName:BMEMR.00000805.2015120407 expFile:batch_file\work_file\out\BMEMR\50000\00000805\DN\BMEMR.00000805.2015120407 expTempFile:batch_file\work_file\out\BMEMR\50000\00000805\DN\BMEMR.00000805.2015120407.TMP recordsPerFlush:-1 recordsPerFile:-1 lineSeparator:dos fileInfo:[TbFileInfoInfo  sFileName:BMEMR sInOut:O sFileType:B sDataLen:725 sFileNamePattern:BMEMR.\d{8}.\d{10} sLocalPath:out/BMEMR/22222/00000000/DN sUptUserid: sUptDate: sUptTime: sAprvUserid: sAprvDate: sAprvTime: sOkFlag:1 sSubFileName:.OK sReturnFileName: sCipherFlag:1 sKeyWord:]]':fileSize % expFileInfo.getFileInfo().getDataLen().intValue() != 0 for 'D:\workspaceJuno\YHDP_L3_2\batch_file\work_file\out\BMEMR\50000\00000805\DN\BMEMR.00000805.2015120407.TMP'!
java.lang.Exception: fileSize % expFileInfo.getFileInfo().getDataLen().intValue() != 0 for 'D:\workspaceJuno\YHDP_L3_2\batch_file\work_file\out\BMEMR\50000\00000805\DN\BMEMR.00000805.2015120407.TMP'!
	at tw.com.hyweb.svc.yhdp.batch.expfiles.ExpImpReturn.AbstractExpFile.checkExpFile(AbstractExpFile.java:263)
	at tw.com.hyweb.svc.yhdp.batch.expfiles.ExpImpReturn.AbstractExpFile.closeFileProcess(AbstractExpFile.java:339)
	at tw.com.hyweb.svc.yhdp.batch.expfiles.ExpImpReturn.AbstractExpFile.handleOneExpFile(AbstractExpFile.java:475)
	at tw.com.hyweb.svc.yhdp.batch.expfiles.ExpImpReturn.AbstractExpFile.process(AbstractExpFile.java:654)
	at tw.com.hyweb.core.cp.batch.framework.AbstractBatchBasic.run(AbstractBatchBasic.java:114)
	at tw.com.hyweb.svc.yhdp.batch.expfiles.ExpImpReturn.ExpImportReturn.main(ExpImportReturn.java:400)
[main] 20170525 10:52:43 DEBUG TbBatchResultMgr     L:147  - sql: UPDATE TB_BATCH_RESULT SET END_DATE = '20170525', END_TIME = '105243', WORK_FLAG = '1', RCODE = '2001', ERROR_DESC = '', PAR_MON = '05', PAR_DAY = '25', LINK_CONTROL = 'O', MEM_ID = '', RECOVER_VALUE = '' WHERE PROGRAM_NAME = 'ExpImportReturn' AND START_DATE = '20170525' AND START_TIME = '105242' AND JOB_ID = '000' AND JOB_TIME = '000000'
[main] 20170525 10:52:43 DEBUG TbBatchResultMgr     L:151  - TB_BATCH_RESULT: 1 record updated
[main] 20170525 10:52:43 DEBUG TbBatchResultMgr     L:152  - [TbBatchResultInfo  sProgramName:ExpImportReturn sStartDate:20170525 sStartTime:105242 sEndDate:20170525 sEndTime:105243 sWorkFlag:1 sRcode:2001 sErrorDesc: sParMon:05 sParDay:25 sLinkControl:O sJobId:000 sJobTime:000000 sMemId: sRecoverValue:]
[main] 20170525 10:52:43 INFO  AbstractBatchBasic   L:150  - end running

